<?xml version="1.0" encoding="UTF-8"?>
<testsuite xmlns:xsi="http://www.w3.org/2001/XMLSchema-instance" xsi:noNamespaceSchemaLocation="https://maven.apache.org/surefire/maven-surefire-plugin/xsd/surefire-test-report.xsd" version="3.0.2" name="com.project1.ecommerce.compstore.CompstoreApplicationTests" time="25.056" tests="1" errors="0" skipped="0" failures="0">
  <properties>
[...]
</properties>
  <testcase name="contextLoads" classname="com.project1.ecommerce.compstore.CompstoreApplicationTests" time="2.407">
    <system-out><![CDATA[15:27:48.561 [main] INFO org.springframework.test.context.support.AnnotationConfigContextLoaderUtils -- Could not detect default configuration classes for test class [com.project1.ecommerce.compstore.CompstoreApplicationTests]: CompstoreApplicationTests does not declare any static, non-private, non-final, nested classes annotated with @Configuration.
15:27:48.988 [main] INFO org.springframework.boot.test.context.SpringBootTestContextBootstrapper -- Found @SpringBootConfiguration com.project1.ecommerce.compstore.CompstoreApplication for test class com.project1.ecommerce.compstore.CompstoreApplicationTests

  .   ____          _            __ _ _
 /\\ / ___'_ __ _ _(_)_ __  __ _ \ \ \ \
( ( )\___ | '_ | '_| | '_ \/ _` | \ \ \ \
 \\/  ___)| |_)| | | | | || (_| |  ) ) ) )
  '  |____| .__|_| |_|_| |_\__, | / / / /
 =========|_|==============|___/=/_/_/_/

 :: Spring Boot ::                (v3.5.0)

2025-07-10T15:27:50.756+05:30  WARN 18764 --- [compstore] [           main] ory$DuplicateJsonObjectContextCustomizer : 

Found multiple occurrences of org.json.JSONObject on the class path:

	jar:file:/C:/Users/Sawant/.m2/repository/com/vaadin/external/google/android-json/0.0.20131108.vaadin1/android-json-0.0.20131108.vaadin1.jar!/org/json/JSONObject.class
	jar:file:/C:/Users/Sawant/.m2/repository/org/json/json/20231013/json-20231013.jar!/org/json/JSONObject.class

You may wish to exclude one of them to ensure predictable runtime behavior

2025-07-10T15:27:50.822+05:30  INFO 18764 --- [compstore] [           main] c.p.e.c.CompstoreApplicationTests        : Starting CompstoreApplicationTests using Java 17.0.8.1 with PID 18764 (started by Sawant in C:\Users\Sawant\Downloads\compstore)
2025-07-10T15:27:50.858+05:30  INFO 18764 --- [compstore] [           main] c.p.e.c.CompstoreApplicationTests        : No active profile set, falling back to 1 default profile: "default"
2025-07-10T15:27:54.272+05:30  INFO 18764 --- [compstore] [           main] .s.d.r.c.RepositoryConfigurationDelegate : Bootstrapping Spring Data JPA repositories in DEFAULT mode.
2025-07-10T15:27:54.910+05:30  INFO 18764 --- [compstore] [           main] .s.d.r.c.RepositoryConfigurationDelegate : Finished Spring Data repository scanning in 603 ms. Found 6 JPA repository interfaces.
2025-07-10T15:27:57.404+05:30  INFO 18764 --- [compstore] [           main] o.hibernate.jpa.internal.util.LogHelper  : HHH000204: Processing PersistenceUnitInfo [name: default]
2025-07-10T15:27:57.667+05:30  INFO 18764 --- [compstore] [           main] org.hibernate.Version                    : HHH000412: Hibernate ORM core version 6.6.15.Final
2025-07-10T15:27:57.821+05:30  INFO 18764 --- [compstore] [           main] o.h.c.internal.RegionFactoryInitiator    : HHH000026: Second-level cache disabled
2025-07-10T15:27:59.300+05:30  INFO 18764 --- [compstore] [           main] o.s.o.j.p.SpringPersistenceUnitInfo      : No LoadTimeWeaver setup: ignoring JPA class transformer
2025-07-10T15:27:59.506+05:30  INFO 18764 --- [compstore] [           main] com.zaxxer.hikari.HikariDataSource       : HikariPool-1 - Starting...
2025-07-10T15:28:00.697+05:30  INFO 18764 --- [compstore] [           main] com.zaxxer.hikari.pool.HikariPool        : HikariPool-1 - Added connection com.mysql.cj.jdbc.ConnectionImpl@5c25daad
2025-07-10T15:28:00.701+05:30  INFO 18764 --- [compstore] [           main] com.zaxxer.hikari.HikariDataSource       : HikariPool-1 - Start completed.
2025-07-10T15:28:01.312+05:30  INFO 18764 --- [compstore] [           main] org.hibernate.orm.connections.pooling    : HHH10001005: Database info:
	Database JDBC URL [Connecting through datasource 'HikariDataSource (HikariPool-1)']
	Database driver: undefined/unknown
	Database version: 8.0.28
	Autocommit mode: undefined/unknown
	Isolation level: undefined/unknown
	Minimum pool size: undefined/unknown
	Maximum pool size: undefined/unknown
2025-07-10T15:28:04.464+05:30  INFO 18764 --- [compstore] [           main] o.h.e.t.j.p.i.JtaPlatformInitiator       : HHH000489: No JTA platform available (set 'hibernate.transaction.jta.platform' to enable JTA platform integration)
2025-07-10T15:28:04.471+05:30  INFO 18764 --- [compstore] [           main] j.LocalContainerEntityManagerFactoryBean : Initialized JPA EntityManagerFactory for persistence unit 'default'
✅ usersRepository is null? false
2025-07-10T15:28:05.747+05:30  INFO 18764 --- [compstore] [           main] eAuthenticationProviderManagerConfigurer : Global AuthenticationManager configured with AuthenticationProvider bean with name authProvider
2025-07-10T15:28:05.748+05:30  WARN 18764 --- [compstore] [           main] r$InitializeUserDetailsManagerConfigurer : Global AuthenticationManager configured with an AuthenticationProvider bean. UserDetailsService beans will not be used by Spring Security for automatically configuring username/password login. Consider removing the AuthenticationProvider bean. Alternatively, consider using the UserDetailsService in a manually instantiated DaoAuthenticationProvider. If the current configuration is intentional, to turn off this warning, increase the logging level of 'org.springframework.security.config.annotation.authentication.configuration.InitializeUserDetailsBeanManagerConfigurer' to ERROR
2025-07-10T15:28:06.870+05:30  WARN 18764 --- [compstore] [           main] JpaBaseConfiguration$JpaWebConfiguration : spring.jpa.open-in-view is enabled by default. Therefore, database queries may be performed during view rendering. Explicitly configure spring.jpa.open-in-view to disable this warning
2025-07-10T15:28:09.081+05:30 DEBUG 18764 --- [compstore] [           main] o.s.s.web.DefaultSecurityFilterChain     : Will secure any request with filters: DisableEncodeUrlFilter, WebAsyncManagerIntegrationFilter, SecurityContextHolderFilter, HeaderWriterFilter, CorsFilter, LogoutFilter, JWTAuthenticationFilter, RequestCacheAwareFilter, SecurityContextHolderAwareRequestFilter, AnonymousAuthenticationFilter, SessionManagementFilter, ExceptionTranslationFilter, AuthorizationFilter
2025-07-10T15:28:10.289+05:30  INFO 18764 --- [compstore] [           main] c.p.e.c.CompstoreApplicationTests        : Started CompstoreApplicationTests in 20.706 seconds (process running for 24.532)
]]></system-out>
  </testcase>
</testsuite>